<?xml version="1.0" encoding="UTF-8"?>
<testsuite name="com.tw.crud.post.exception.ReadPostExceptionTest" tests="1" skipped="0" failures="0" errors="0" timestamp="2023-04-10T11:53:57" hostname="DESKTOP-BFNHOD6" time="0.001">
  <properties/>
  <testcase name="shouldThrowExceptionWhenPostNotFound()" classname="com.tw.crud.post.exception.ReadPostExceptionTest" time="0.001"/>
  <system-out><![CDATA[]]></system-out>
  <system-err><![CDATA[]]></system-err>
</testsuite>
